<?xml version="1.0" encoding="UTF-8"?>
<!-- Generated by org.testng.reporters.JUnitReportReporter -->
<testsuite hostname="DESKTOP-DR9DKED" name="com.automation.TestScripts.LoginPageTest" tests="1" failures="0" timestamp="31 Jan 2021 05:24:23 GMT" time="39.773" errors="0">
  <testcase name="login" time="39.773" classname="com.automation.TestScripts.LoginPageTest"/>
</testsuite> <!-- com.automation.TestScripts.LoginPageTest -->
