<?xml version="1.0" encoding="UTF-8"?>
<!-- Generated by org.testng.reporters.JUnitReportReporter -->
<testsuite hostname="DESKTOP-DR9DKED" name="com.automation.TestScripts.LoginPageTest" tests="1" failures="0" timestamp="6 Feb 2021 08:08:53 GMT" time="28.378" errors="0">
  <testcase name="login" time="28.378" classname="com.automation.TestScripts.LoginPageTest"/>
</testsuite> <!-- com.automation.TestScripts.LoginPageTest -->
